<?xml version="1.0" encoding="UTF-8"?>
<!-- Generated by org.testng.reporters.JUnitReportReporter -->
<testsuite skipped="0" hostname="CDC2-D-CH0TXJ2" name="Training.TestEight" tests="4" failures="0" timestamp="2020-01-21T13:09:32 IST" time="0.009" errors="0">
  <testcase name="test4" time="0.002" classname="Training.TestEight"/>
  <system-out/>
  <testcase name="test1" time="0.003" classname="Training.TestEight"/>
  <system-out/>
  <testcase name="test3" time="0.002" classname="Training.TestEight"/>
  <system-out/>
  <testcase name="test2" time="0.002" classname="Training.TestEight"/>
  <system-out/>
</testsuite> <!-- Training.TestEight -->
