<?xml version="1.0" encoding="UTF-8"?>
<!-- Generated by org.testng.reporters.JUnitReportReporter -->
<testsuite skipped="0" hostname="CDC2-D-CH0TXJ2" name="Training.TestFive" tests="2" failures="0" timestamp="2020-01-21T11:44:53 IST" time="28.340" errors="0">
  <testcase name="testing" time="6.187" classname="Training.TestFive"/>
  <system-out/>
  <testcase name="testing" time="22.153" classname="Training.TestFive"/>
  <system-out/>
</testsuite> <!-- Training.TestFive -->
