<?xml version="1.0" encoding="UTF-8"?>
<!-- Generated by org.testng.reporters.JUnitReportReporter -->
<testsuite skipped="0" hostname="CDC2-D-CH0TXJ2" name="Training.ListenerTest" tests="8" failures="0" timestamp="2020-01-21T13:09:32 IST" time="0.041" errors="0">
  <testcase name="onTestFailedWithTimeoutTest" time="0.004" classname="Training.ListenerTest"/>
  <system-out/>
  <testcase name="onTestFailureTest" time="0.003" classname="Training.ListenerTest"/>
  <system-out/>
  <testcase name="onFinishTest" time="0.006" classname="Training.ListenerTest"/>
  <system-out/>
  <testcase name="onTestFailedButWithinSuccessPercentageTest" time="0.001" classname="Training.ListenerTest"/>
  <system-out/>
  <testcase name="onTestStartTest" time="0.008" classname="Training.ListenerTest"/>
  <system-out/>
  <testcase name="onStartTest" time="0.004" classname="Training.ListenerTest"/>
  <system-out/>
  <testcase name="onTestSkippedTest" time="0.005" classname="Training.ListenerTest"/>
  <system-out/>
  <testcase name="onTestSuccessTest" time="0.010" classname="Training.ListenerTest"/>
  <system-out/>
</testsuite> <!-- Training.ListenerTest -->
