<?xml version="1.0" encoding="UTF-8"?>
<!-- Generated by org.testng.reporters.JUnitReportReporter -->
<testsuite skipped="0" hostname="CDC2-D-CH0TXJ2" name="TestOne" tests="1" failures="0" timestamp="2020-01-20T13:03:15 IST" time="36.536" errors="0">
  <testcase name="creditcard" time="36.536" classname="TestOne"/>
  <system-out/>
</testsuite> <!-- TestOne -->
