<?xml version="1.0" encoding="UTF-8"?>
<!-- Generated by org.testng.reporters.JUnitReportReporter -->
<testsuite skipped="0" hostname="CDC2-D-CH0TXJ2" name="TestTwo" tests="1" failures="0" timestamp="2020-01-20T15:44:42 IST" time="29.913" errors="0">
  <testcase name="test" time="29.913" classname="TestTwo"/>
  <system-out/>
</testsuite> <!-- TestTwo -->
