<?xml version="1.0" encoding="UTF-8"?>
<!-- Generated by org.testng.reporters.JUnitReportReporter -->
<testsuite skipped="0" hostname="CDC2-D-CH0TXJ2" name="Training.TestTenPages" tests="3" failures="0" timestamp="2020-01-22T11:06:42 IST" time="4.897" errors="0">
  <testcase name="testRegisterLink" time="1.057" classname="Training.TestTenPages"/>
  <system-out/>
  <testcase name="testLoginLink" time="0.803" classname="Training.TestTenPages"/>
  <system-out/>
  <testcase name="testLoginButton" time="3.037" classname="Training.TestTenPages"/>
  <system-out/>
</testsuite> <!-- Training.TestTenPages -->
