<?xml version="1.0" encoding="UTF-8"?>
<!-- Generated by org.testng.reporters.JUnitReportReporter -->
<testsuite skipped="0" hostname="CDC2-D-CH0TXJ2" name="Training.TestOne" tests="1" failures="0" timestamp="2020-01-21T11:44:53 IST" time="68.749" errors="0">
  <testcase name="creditcard" time="68.749" classname="Training.TestOne"/>
  <system-out/>
</testsuite> <!-- Training.TestOne -->
