<?xml version="1.0" encoding="UTF-8"?>
<!-- Generated by org.testng.reporters.JUnitReportReporter -->
<testsuite skipped="0" hostname="CDC2-D-CH0TXJ2" name="TestFive" tests="2" failures="0" timestamp="2020-01-21T10:12:57 IST" time="8.266" errors="0">
  <testcase name="test" time="3.724" classname="TestFive"/>
  <system-out/>
  <testcase name="test" time="4.542" classname="TestFive"/>
  <system-out/>
</testsuite> <!-- TestFive -->
