<?xml version="1.0" encoding="UTF-8"?>
<!-- Generated by org.testng.reporters.JUnitReportReporter -->
<testsuite skipped="0" hostname="CDC2-D-CH0TXJ2" name="TestSix" tests="1" failures="0" timestamp="2020-01-21T09:50:38 IST" time="29.228" errors="0">
  <testcase name="test" time="29.228" classname="TestSix"/>
  <system-out/>
</testsuite> <!-- TestSix -->
