<?xml version="1.0" encoding="UTF-8"?>
<!-- Generated by org.testng.reporters.JUnitReportReporter -->
<testsuite skipped="0" hostname="CDC2-D-CH0TXJ2" name="Training.TestSeven" tests="1" failures="0" timestamp="2020-01-21T11:44:53 IST" time="0.011" errors="0">
  <testcase name="google" time="0.011" classname="Training.TestSeven"/>
  <system-out/>
</testsuite> <!-- Training.TestSeven -->
