<?xml version="1.0" encoding="UTF-8"?>
<!-- Generated by org.testng.reporters.JUnitReportReporter -->
<testsuite skipped="0" hostname="CDC2-D-CH0TXJ2" name="TestThree" tests="1" failures="0" timestamp="2020-01-20T15:41:11 IST" time="20.365" errors="0">
  <testcase name="test" time="20.365" classname="TestThree"/>
  <system-out/>
</testsuite> <!-- TestThree -->
