<?xml version="1.0" encoding="UTF-8"?>
<!-- Generated by org.testng.reporters.JUnitReportReporter -->
<testsuite skipped="0" hostname="CDC2-D-CH0TXJ2" name="TestFour" tests="1" failures="0" timestamp="2020-01-20T17:12:40 IST" time="0.601" errors="0">
  <testcase name="test" time="0.601" classname="TestFour"/>
  <system-out/>
</testsuite> <!-- TestFour -->
